<?xml version="1.0" encoding="UTF-8"?>
<Site BuildName="Win32-make"
	BuildStamp="20230915-0028-Experimental"
	Name="DESKTOP-V2HJGUR"
	Generator="ctest-3.27.5"
	CompilerName="C:/MinGW/bin/g++.exe"
	CompilerVersion="6.3.0"
	OSName="Windows"
	Hostname="DESKTOP-V2HJGUR"
	OSRelease=" Personal"
	OSVersion=" (Build 22621)"
	OSPlatform="AMD64"
	Is64Bits="1"
	VendorString="GenuineIntel"
	VendorID="Intel Corporation"
	FamilyID="6"
	ModelID="12"
	ProcessorCacheSize="-1"
	NumberOfLogicalCPU="4"
	NumberOfPhysicalCPU="2"
	TotalVirtualMemory="19662"
	TotalPhysicalMemory="7886"
	LogicalProcessorsPerPhysical="2"
	ProcessorClockFrequency="2995"
	>
	<Testing>
		<StartDateTime>Sep 15 23:16 Romance Daylight Time</StartDateTime>
		<StartTestTime>1694812575</StartTestTime>
		<TestList/>
		<EndDateTime>Sep 15 23:16 Romance Daylight Time</EndDateTime>
		<EndTestTime>1694812575</EndTestTime>
		<ElapsedMinutes>0</ElapsedMinutes>
	</Testing>
</Site>
